Using pre-set license
Built from '2021.3/staging' branch; Version is '2021.3.11f1 (0a5ca18544bf) revision 679073'; Using compiler version '192829333'; Build Type 'Release'
OS: 'Windows 10  (10.0.19044) 64bit Enterprise' Language: 'en' Physical Memory: 16330 MB
BatchMode: 1, IsHumanControllingUs: 0, StartBugReporterOnCrash: 0, Is64bit: 1, IsPro: 1

COMMAND LINE ARGUMENTS:
D:\Unity\Editor\2021.3.11f1\Editor\Unity.exe
-adb2
-batchMode
-noUpm
-name
AssetImportWorker0
-projectPath
D:/Unity/Projects/Foosball_V6
-logFile
Logs/AssetImportWorker0.log
-srvPort
60850
Successfully changed project path to: D:/Unity/Projects/Foosball_V6
D:/Unity/Projects/Foosball_V6
[UnityMemory] Configuration Parameters - Can be set up in boot.config
    "memorysetup-bucket-allocator-granularity=16"
    "memorysetup-bucket-allocator-bucket-count=8"
    "memorysetup-bucket-allocator-block-size=33554432"
    "memorysetup-bucket-allocator-block-count=8"
    "memorysetup-main-allocator-block-size=16777216"
    "memorysetup-thread-allocator-block-size=16777216"
    "memorysetup-gfx-main-allocator-block-size=16777216"
    "memorysetup-gfx-thread-allocator-block-size=16777216"
    "memorysetup-cache-allocator-block-size=4194304"
    "memorysetup-typetree-allocator-block-size=2097152"
    "memorysetup-profiler-bucket-allocator-granularity=16"
    "memorysetup-profiler-bucket-allocator-bucket-count=8"
    "memorysetup-profiler-bucket-allocator-block-size=33554432"
    "memorysetup-profiler-bucket-allocator-block-count=8"
    "memorysetup-profiler-allocator-block-size=16777216"
    "memorysetup-profiler-editor-allocator-block-size=1048576"
    "memorysetup-temp-allocator-size-main=16777216"
    "memorysetup-job-temp-allocator-block-size=2097152"
    "memorysetup-job-temp-allocator-block-size-background=1048576"
    "memorysetup-job-temp-allocator-reduction-small-platforms=262144"
    "memorysetup-temp-allocator-size-background-worker=32768"
    "memorysetup-temp-allocator-size-job-worker=262144"
    "memorysetup-temp-allocator-size-preload-manager=33554432"
    "memorysetup-temp-allocator-size-nav-mesh-worker=65536"
    "memorysetup-temp-allocator-size-audio-worker=65536"
    "memorysetup-temp-allocator-size-cloud-worker=32768"
    "memorysetup-temp-allocator-size-gi-baking-worker=262144"
    "memorysetup-temp-allocator-size-gfx=262144"
Refreshing native plugins compatible for Editor in 105.40 ms, found 3 plugins.
Preloading 0 native plugins for Editor in 0.00 ms.
Initialize engine version: 2021.3.11f1 (0a5ca18544bf)
[Subsystems] Discovering subsystems at path D:/Unity/Editor/2021.3.11f1/Editor/Data/Resources/UnitySubsystems
[Subsystems] Discovering subsystems at path D:/Unity/Projects/Foosball_V6/Assets
GfxDevice: creating device client; threaded=0; jobified=0
Direct3D:
    Version:  Direct3D 11.0 [level 11.1]
    Renderer: NVIDIA GeForce GTX 1070 (ID=0x1b81)
    Vendor:   NVIDIA
    VRAM:     8088 MB
    Driver:   31.0.15.1694
Initialize mono
Mono path[0] = 'D:/Unity/Editor/2021.3.11f1/Editor/Data/Managed'
Mono path[1] = 'D:/Unity/Editor/2021.3.11f1/Editor/Data/MonoBleedingEdge/lib/mono/unityjit-win32'
Mono config path = 'D:/Unity/Editor/2021.3.11f1/Editor/Data/MonoBleedingEdge/etc'
Using monoOptions --debugger-agent=transport=dt_socket,embedding=1,server=y,suspend=n,address=127.0.0.1:56808
Begin MonoManager ReloadAssembly
Registering precompiled unity dll's ...
Register platform support module: D:/Unity/Editor/2021.3.11f1/Editor/Data/PlaybackEngines/WindowsStandaloneSupport/UnityEditor.WindowsStandalone.Extensions.dll
Registered in 0.004310 seconds.
Native extension for WindowsStandalone target not found
Refreshing native plugins compatible for Editor in 94.38 ms, found 3 plugins.
Preloading 0 native plugins for Editor in 0.00 ms.
Mono: successfully reloaded assembly
- Completed reload, in  0.783 seconds
Domain Reload Profiling:
	ReloadAssembly (784ms)
		BeginReloadAssembly (108ms)
			ExecutionOrderSort (0ms)
			DisableScriptedObjects (0ms)
			BackupInstance (0ms)
			ReleaseScriptingObjects (0ms)
			CreateAndSetChildDomain (1ms)
		EndReloadAssembly (555ms)
			LoadAssemblies (108ms)
			RebuildTransferFunctionScriptingTraits (0ms)
			SetupTypeCache (131ms)
			ReleaseScriptCaches (0ms)
			RebuildScriptCaches (38ms)
			SetupLoadedEditorAssemblies (325ms)
				LogAssemblyErrors (0ms)
				InitializePlatformSupportModulesInManaged (7ms)
				SetLoadedEditorAssemblies (0ms)
				RefreshPlugins (94ms)
				BeforeProcessingInitializeOnLoad (1ms)
				ProcessInitializeOnLoadAttributes (172ms)
				ProcessInitializeOnLoadMethodAttributes (49ms)
				AfterProcessingInitializeOnLoad (0ms)
				EditorAssembliesLoaded (0ms)
			ExecutionOrderSort2 (0ms)
			AwakeInstancesAfterBackupRestoration (0ms)
Platform modules already initialized, skipping
Registering precompiled user dll's ...
Registered in 0.007585 seconds.
Begin MonoManager ReloadAssembly
Symbol file LoadedFromMemory doesn't match image D:\Unity\Projects\Foosball_V6\Library\PackageCache\com.unity.visualscripting@1.7.8\Editor\VisualScripting.Core\Dependencies\YamlDotNet\Unity.VisualScripting.YamlDotNet.dll
Symbol file LoadedFromMemory doesn't match image D:\Unity\Projects\Foosball_V6\Library\PackageCache\com.unity.visualscripting@1.7.8\Editor\VisualScripting.Core\Dependencies\DotNetZip\Unity.VisualScripting.IonicZip.dll
Native extension for WindowsStandalone target not found
Refreshing native plugins compatible for Editor in 0.58 ms, found 3 plugins.
Preloading 0 native plugins for Editor in 0.00 ms.
Mono: successfully reloaded assembly
- Completed reload, in  1.298 seconds
Domain Reload Profiling:
	ReloadAssembly (1299ms)
		BeginReloadAssembly (154ms)
			ExecutionOrderSort (0ms)
			DisableScriptedObjects (7ms)
			BackupInstance (0ms)
			ReleaseScriptingObjects (0ms)
			CreateAndSetChildDomain (23ms)
		EndReloadAssembly (1005ms)
			LoadAssemblies (127ms)
			RebuildTransferFunctionScriptingTraits (0ms)
			SetupTypeCache (350ms)
			ReleaseScriptCaches (1ms)
			RebuildScriptCaches (67ms)
			SetupLoadedEditorAssemblies (440ms)
				LogAssemblyErrors (0ms)
				InitializePlatformSupportModulesInManaged (5ms)
				SetLoadedEditorAssemblies (1ms)
				RefreshPlugins (1ms)
				BeforeProcessingInitializeOnLoad (103ms)
				ProcessInitializeOnLoadAttributes (293ms)
				ProcessInitializeOnLoadMethodAttributes (34ms)
				AfterProcessingInitializeOnLoad (4ms)
				EditorAssembliesLoaded (0ms)
			ExecutionOrderSort2 (0ms)
			AwakeInstancesAfterBackupRestoration (8ms)
Platform modules already initialized, skipping
========================================================================
Worker process is ready to serve import requests
Launched and connected shader compiler UnityShaderCompiler.exe after 0.10 seconds
Refreshing native plugins compatible for Editor in 0.57 ms, found 3 plugins.
Preloading 0 native plugins for Editor in 0.00 ms.
Unloading 3380 Unused Serialized files (Serialized files now loaded: 0)
Unloading 27 unused Assets / (113.3 KB). Loaded Objects now: 3837.
Memory consumption went from 116.2 MB to 116.1 MB.
Total: 3.905200 ms (FindLiveObjects: 0.395100 ms CreateObjectMapping: 0.331900 ms MarkObjects: 3.039600 ms  DeleteObjects: 0.137800 ms)

AssetImportParameters requested are different than current active one (requested -> active):
  custom:video-decoder-ogg-theora: a1e56fd34408186e4bbccfd4996cb3dc -> 
  custom:container-muxer-webm: aa71ff27fc2769a1b78a27578f13a17b -> 
  custom:container-demuxer-webm: 4f35f7cbe854078d1ac9338744f61a02 -> 
  custom:video-encoder-webm-vp8: eb34c28f22e8b96e1ab97ce403110664 -> 
  custom:video-codec-MediaFoundation-h265: 746d11721c4dcdbdad8f713fa42b33f4 -> 
  custom:audio-encoder-webm-vorbis: bf7c407c2cedff20999df2af8eb42d56 -> 
  custom:framework-win-MediaFoundation: 216162199b28c13a410421893ffa2e32 -> 
  custom:container-demuxer-ogg: 62fdf1f143b41e24485cea50d1cbac27 -> 
  custom:video-decoder-webm-vp8: 9c59270c3fd7afecdb556c50c9e8de78 -> 
  custom:audio-decoder-ogg-vorbis: bf7c407c2cedff20999df2af8eb42d56 -> 
========================================================================
Received Import Request.
  Time since last request: 1776230.577795 seconds.
  path: Assets
  artifactKey: Guid(00000000000000001000000000000000) Importer(815301076,1909f56bfc062723c751e8b465ee728b)
Start importing Assets using Guid(00000000000000001000000000000000) Importer(815301076,1909f56bfc062723c751e8b465ee728b)  -> (artifact id: '79842766b460edbeab6a34051e857a80') in 0.011661 seconds 
========================================================================
Received Import Request.
  Time since last request: 10.192091 seconds.
  path: Assets/Foosball_V6.blend
  artifactKey: Guid(1168591a335b3ec4d9abb6fc6bae4473) Importer(815301076,1909f56bfc062723c751e8b465ee728b)
Start importing Assets/Foosball_V6.blend using Guid(1168591a335b3ec4d9abb6fc6bae4473) Importer(815301076,1909f56bfc062723c751e8b465ee728b)  -> (artifact id: '2ef5f1dabd275d67540e51d2496326c4') in 1.717140 seconds 
========================================================================
Received Import Request.
  Time since last request: 132.804992 seconds.
  path: Assets/Foosball_V6.fbx
  artifactKey: Guid(e1f84048a68556a498e425958de662ed) Importer(815301076,1909f56bfc062723c751e8b465ee728b)
Start importing Assets/Foosball_V6.fbx using Guid(e1f84048a68556a498e425958de662ed) Importer(815301076,1909f56bfc062723c751e8b465ee728b)  -> (artifact id: 'd4337d45e49e1c0f3ea0e101b78dc983') in 0.923675 seconds 
========================================================================
Received Import Request.
  Time since last request: 129.922637 seconds.
  path: Assets/Foosball_V6.fbx
  artifactKey: Guid(e1f84048a68556a498e425958de662ed) Importer(815301076,1909f56bfc062723c751e8b465ee728b)
Start importing Assets/Foosball_V6.fbx using Guid(e1f84048a68556a498e425958de662ed) Importer(815301076,1909f56bfc062723c751e8b465ee728b)  -> (artifact id: '48721dc77e932af60916d531fcb33038') in 0.214976 seconds 
========================================================================
Received Import Request.
  Time since last request: 4232.871205 seconds.
  path: Assets/Foosball_V6.fbx
  artifactKey: Guid(e1f84048a68556a498e425958de662ed) Importer(815301076,1909f56bfc062723c751e8b465ee728b)
Start importing Assets/Foosball_V6.fbx using Guid(e1f84048a68556a498e425958de662ed) Importer(815301076,1909f56bfc062723c751e8b465ee728b)  -> (artifact id: 'dd11cd77e93fe00933e60caa2c720568') in 1.027297 seconds 
========================================================================
Received Import Request.
  Time since last request: 101.941013 seconds.
  path: Assets/Foosball_V7.fbx
  artifactKey: Guid(b708b4585b7684b48b9f75fde9b3a4a1) Importer(815301076,1909f56bfc062723c751e8b465ee728b)
Start importing Assets/Foosball_V7.fbx using Guid(b708b4585b7684b48b9f75fde9b3a4a1) Importer(815301076,1909f56bfc062723c751e8b465ee728b)  -> (artifact id: 'eee48c05a9ece71a2bfd787efd669b11') in 1.083026 seconds 
========================================================================
Received Import Request.
  Time since last request: 53.674609 seconds.
  path: Assets/Scripts
  artifactKey: Guid(5337e4d5ccebb4647be33c9018e36a1f) Importer(815301076,1909f56bfc062723c751e8b465ee728b)
Start importing Assets/Scripts using Guid(5337e4d5ccebb4647be33c9018e36a1f) Importer(815301076,1909f56bfc062723c751e8b465ee728b)  -> (artifact id: '3bebec9fa47a353df7a3e103ff8bdb2a') in 0.007539 seconds 
========================================================================
Received Import Request.
  Time since last request: 5.811879 seconds.
  path: Assets/Materials
  artifactKey: Guid(5b85644e2d632e7498504233d7285266) Importer(815301076,1909f56bfc062723c751e8b465ee728b)
Start importing Assets/Materials using Guid(5b85644e2d632e7498504233d7285266) Importer(815301076,1909f56bfc062723c751e8b465ee728b)  -> (artifact id: 'f2deac0550656d6a0056351c32bffde9') in 0.008767 seconds 
========================================================================
Received Import Request.
  Time since last request: 6.533656 seconds.
  path: Assets/Physic
  artifactKey: Guid(720e3b22d0716c843a000e0ce2196a5e) Importer(815301076,1909f56bfc062723c751e8b465ee728b)
Start importing Assets/Physic using Guid(720e3b22d0716c843a000e0ce2196a5e) Importer(815301076,1909f56bfc062723c751e8b465ee728b)  -> (artifact id: 'ab6ac890ea1df20ae3ccaeb40d4affb4') in 0.011446 seconds 
========================================================================
Received Import Request.
  Time since last request: 29.649615 seconds.
  path: Assets/Assets
  artifactKey: Guid(49dae139e0612554ab97700389e9d332) Importer(815301076,1909f56bfc062723c751e8b465ee728b)
Start importing Assets/Assets using Guid(49dae139e0612554ab97700389e9d332) Importer(815301076,1909f56bfc062723c751e8b465ee728b)  -> (artifact id: 'd20af58461648cffd171fa2cdf4204df') in 0.002501 seconds 
========================================================================
Received Import Request.
  Time since last request: 706.655384 seconds.
  path: Assets/Assets/Foosball_V7.fbx
  artifactKey: Guid(b708b4585b7684b48b9f75fde9b3a4a1) Importer(815301076,1909f56bfc062723c751e8b465ee728b)
Start importing Assets/Assets/Foosball_V7.fbx using Guid(b708b4585b7684b48b9f75fde9b3a4a1) Importer(815301076,1909f56bfc062723c751e8b465ee728b)  -> (artifact id: '0b60c6b453ebab5fe8bd611412b96f4c') in 1.175116 seconds 
========================================================================
Received Import Request.
  Time since last request: 203.817726 seconds.
  path: Assets/Assets/Foosball_V7.fbx
  artifactKey: Guid(b708b4585b7684b48b9f75fde9b3a4a1) Importer(815301076,1909f56bfc062723c751e8b465ee728b)
Start importing Assets/Assets/Foosball_V7.fbx using Guid(b708b4585b7684b48b9f75fde9b3a4a1) Importer(815301076,1909f56bfc062723c751e8b465ee728b)  -> (artifact id: '3b73a4814889901fc56542d4807715d4') in 1.331171 seconds 
========================================================================
Received Import Request.
  Time since last request: 21.419700 seconds.
  path: Assets/Assets/Foosball_V7.fbx
  artifactKey: Guid(b708b4585b7684b48b9f75fde9b3a4a1) Importer(815301076,1909f56bfc062723c751e8b465ee728b)
Start importing Assets/Assets/Foosball_V7.fbx using Guid(b708b4585b7684b48b9f75fde9b3a4a1) Importer(815301076,1909f56bfc062723c751e8b465ee728b)  -> (artifact id: 'b8301aa074a1077739856282455183dc') in 0.963427 seconds 
========================================================================
Received Import Request.
  Time since last request: 38.537887 seconds.
  path: Assets/Assets/Foosball_V7.fbx
  artifactKey: Guid(b708b4585b7684b48b9f75fde9b3a4a1) Importer(815301076,1909f56bfc062723c751e8b465ee728b)
Start importing Assets/Assets/Foosball_V7.fbx using Guid(b708b4585b7684b48b9f75fde9b3a4a1) Importer(815301076,1909f56bfc062723c751e8b465ee728b)  -> (artifact id: '746e0610a1d2bfd8c9dc444b84aba3d4') in 0.882008 seconds 
========================================================================
Received Import Request.
  Time since last request: 23.282322 seconds.
  path: Assets/Materials/Material.Ball.mat
  artifactKey: Guid(0f2c774c429aea64c9c9d0d16c1ee849) Importer(815301076,1909f56bfc062723c751e8b465ee728b)
Start importing Assets/Materials/Material.Ball.mat using Guid(0f2c774c429aea64c9c9d0d16c1ee849) Importer(815301076,1909f56bfc062723c751e8b465ee728b)  -> (artifact id: '648c9e1e86c24070d35d168ba6e14cf8') in 0.029270 seconds 
========================================================================
Received Import Request.
  Time since last request: 0.000019 seconds.
  path: Assets/Materials/Material.Ramps.mat
  artifactKey: Guid(64ffa722fd829dc46862cbc3d8ca5410) Importer(815301076,1909f56bfc062723c751e8b465ee728b)
Start importing Assets/Materials/Material.Ramps.mat using Guid(64ffa722fd829dc46862cbc3d8ca5410) Importer(815301076,1909f56bfc062723c751e8b465ee728b)  -> (artifact id: 'f87ba46d905a8a1cb5cec158fd564e05') in 0.035023 seconds 
========================================================================
Received Import Request.
  Time since last request: 0.000053 seconds.
  path: Assets/Materials/Material.Body.mat
  artifactKey: Guid(c6bc21c2c0014724a885025392b0719e) Importer(815301076,1909f56bfc062723c751e8b465ee728b)
Start importing Assets/Materials/Material.Body.mat using Guid(c6bc21c2c0014724a885025392b0719e) Importer(815301076,1909f56bfc062723c751e8b465ee728b)  -> (artifact id: '1ee5be234ee7029a9e00f55ea414ce21') in 0.018225 seconds 
========================================================================
Received Import Request.
  Time since last request: 0.000030 seconds.
  path: Assets/Materials/Material.RS.mat
  artifactKey: Guid(dc37b8c097213d045bbb0d3d4ff35187) Importer(815301076,1909f56bfc062723c751e8b465ee728b)
Start importing Assets/Materials/Material.RS.mat using Guid(dc37b8c097213d045bbb0d3d4ff35187) Importer(815301076,1909f56bfc062723c751e8b465ee728b)  -> (artifact id: '4c9065dab3c437f38f61264da8e4d1c6') in 0.017434 seconds 
========================================================================
Received Import Request.
  Time since last request: 0.000017 seconds.
  path: Assets/Materials/Material.Foosman.Red.mat
  artifactKey: Guid(b2fe6b804ec1d594496cc3b4b98f2cc9) Importer(815301076,1909f56bfc062723c751e8b465ee728b)
Start importing Assets/Materials/Material.Foosman.Red.mat using Guid(b2fe6b804ec1d594496cc3b4b98f2cc9) Importer(815301076,1909f56bfc062723c751e8b465ee728b)  -> (artifact id: '42fb658a7e9f98ab19efc133ff5e181b') in 0.017891 seconds 
========================================================================
Received Import Request.
  Time since last request: 0.000017 seconds.
  path: Assets/Materials/Material.Rod.mat
  artifactKey: Guid(2a5e9bca3421c9c4d972599d7b3b1198) Importer(815301076,1909f56bfc062723c751e8b465ee728b)
Start importing Assets/Materials/Material.Rod.mat using Guid(2a5e9bca3421c9c4d972599d7b3b1198) Importer(815301076,1909f56bfc062723c751e8b465ee728b)  -> (artifact id: '3c51848b623518ff93a52de102320016') in 0.016724 seconds 
========================================================================
Received Import Request.
  Time since last request: 0.000022 seconds.
  path: Assets/Materials/Material.Field.mat
  artifactKey: Guid(d6a359f5fbfab8d4988c5951b70f5b4c) Importer(815301076,1909f56bfc062723c751e8b465ee728b)
Start importing Assets/Materials/Material.Field.mat using Guid(d6a359f5fbfab8d4988c5951b70f5b4c) Importer(815301076,1909f56bfc062723c751e8b465ee728b)  -> (artifact id: '8124659642242175fe9229beff53857a') in 0.015795 seconds 
========================================================================
Received Import Request.
  Time since last request: 0.000022 seconds.
  path: Assets/Materials/Material.Foosman.Blue.mat
  artifactKey: Guid(f5365744a3aaa3942b2b5624bb0f272e) Importer(815301076,1909f56bfc062723c751e8b465ee728b)
Start importing Assets/Materials/Material.Foosman.Blue.mat using Guid(f5365744a3aaa3942b2b5624bb0f272e) Importer(815301076,1909f56bfc062723c751e8b465ee728b)  -> (artifact id: 'bbbddaab96636e85a3bab821549f7d11') in 0.015078 seconds 
========================================================================
Received Import Request.
  Time since last request: 71.147998 seconds.
  path: Assets/Imports
  artifactKey: Guid(49dae139e0612554ab97700389e9d332) Importer(815301076,1909f56bfc062723c751e8b465ee728b)
Start importing Assets/Imports using Guid(49dae139e0612554ab97700389e9d332) Importer(815301076,1909f56bfc062723c751e8b465ee728b)  -> (artifact id: '36964f30c2d9849356a2c6a9acac5aec') in 0.008889 seconds 
