Base path: 'C:/Program Files/Unity/Hub/Editor/2019.4.40f1/Editor/Data', plugins path 'C:/Program Files/Unity/Hub/Editor/2019.4.40f1/Editor/Data/PlaybackEngines'
Cmd: initializeCompiler
Cmd: compileComputeKernel
  api=4 insize=775 outsize=4420 ok=1
Cmd: compileComputeKernel
  error: 1 plat 4 at Conv2d.cginc(773): signed/unsigned mismatch, unsigned assumed
  api=4 insize=775 outsize=11445 ok=1
Cmd: compileComputeKernel
  api=4 insize=958 outsize=1465 ok=1
Cmd: compileComputeKernel
  api=4 insize=958 outsize=1620 ok=1
Cmd: compileComputeKernel
  api=4 insize=958 outsize=1494 ok=1
Cmd: compileComputeKernel
  api=4 insize=958 outsize=1495 ok=1
Cmd: compileComputeKernel
  api=4 insize=958 outsize=1616 ok=1
Cmd: compileComputeKernel
  api=4 insize=222 outsize=680 ok=1
Cmd: compileComputeKernel
  api=4 insize=222 outsize=769 ok=1
Cmd: compileComputeKernel
  api=4 insize=759 outsize=777 ok=1
Cmd: compileComputeKernel
  api=4 insize=759 outsize=1094 ok=1
Cmd: compileComputeKernel
  api=4 insize=759 outsize=854 ok=1
Cmd: compileComputeKernel
  api=4 insize=759 outsize=749 ok=1
Cmd: compileComputeKernel
  api=4 insize=759 outsize=844 ok=1
Cmd: compileComputeKernel
  api=4 insize=759 outsize=1134 ok=1
Cmd: compileComputeKernel
  api=4 insize=3405 outsize=22181 ok=1
Cmd: compileComputeKernel
  api=4 insize=3405 outsize=35257 ok=1
Cmd: compileComputeKernel
  api=4 insize=3405 outsize=35914 ok=1
Cmd: compileComputeKernel
  api=4 insize=12919 outsize=1046 ok=1
Cmd: compileComputeKernel
  api=4 insize=12919 outsize=1848 ok=1
Cmd: compileComputeKernel
  api=4 insize=12919 outsize=1931 ok=1
Cmd: compileComputeKernel
  api=4 insize=12919 outsize=2479 ok=1
Cmd: compileComputeKernel
  api=4 insize=12919 outsize=2218 ok=1
Cmd: compileComputeKernel
  api=4 insize=80321 outsize=1686 ok=1
Cmd: compileComputeKernel
  api=4 insize=80321 outsize=3854 ok=1
Cmd: compileComputeKernel
  api=4 insize=80321 outsize=2795 ok=1
Cmd: compileComputeKernel
  api=4 insize=80321 outsize=3099 ok=1
Cmd: compileComputeKernel
  api=4 insize=80321 outsize=1579 ok=1
Cmd: compileComputeKernel
  api=4 insize=80321 outsize=2631 ok=1
Cmd: compileComputeKernel
  api=4 insize=80321 outsize=1634 ok=1
Cmd: compileComputeKernel
  api=4 insize=80321 outsize=2634 ok=1
Cmd: compileComputeKernel
  api=4 insize=80321 outsize=1489 ok=1
Cmd: compileComputeKernel
  api=4 insize=80321 outsize=1689 ok=1
Cmd: compileComputeKernel
  api=4 insize=80321 outsize=2261 ok=1
Cmd: compileComputeKernel
  api=4 insize=80321 outsize=1407 ok=1
Cmd: compileComputeKernel
  api=4 insize=80321 outsize=1647 ok=1
Cmd: compileComputeKernel
  api=4 insize=80321 outsize=3271 ok=1
Cmd: compileComputeKernel
  api=4 insize=80321 outsize=3412 ok=1
Cmd: compileComputeKernel
  api=4 insize=80321 outsize=3375 ok=1
Cmd: compileComputeKernel
  api=4 insize=80321 outsize=3373 ok=1
Cmd: compileComputeKernel
  api=4 insize=80321 outsize=3457 ok=1
Cmd: compileComputeKernel
  api=4 insize=80321 outsize=1894 ok=1
Cmd: compileComputeKernel
  api=4 insize=80321 outsize=3480 ok=1
Cmd: compileComputeKernel
  api=4 insize=80321 outsize=3409 ok=1
Cmd: compileComputeKernel
  api=4 insize=80321 outsize=3447 ok=1
Cmd: compileComputeKernel
  api=4 insize=80321 outsize=3635 ok=1
Cmd: compileComputeKernel
  api=4 insize=80321 outsize=3399 ok=1
Cmd: compileComputeKernel
  api=4 insize=80321 outsize=3865 ok=1
Cmd: compileComputeKernel
  api=4 insize=80321 outsize=3485 ok=1
Cmd: compileComputeKernel
  api=4 insize=80321 outsize=3485 ok=1
Cmd: compileComputeKernel
  api=4 insize=80321 outsize=3489 ok=1
Cmd: compileComputeKernel
  api=4 insize=80321 outsize=3468 ok=1
Cmd: compileComputeKernel
  api=4 insize=80321 outsize=3472 ok=1
Cmd: compileComputeKernel
  api=4 insize=80321 outsize=3475 ok=1
Cmd: compileComputeKernel
  api=4 insize=80321 outsize=1364 ok=1
Cmd: compileComputeKernel
  api=4 insize=80321 outsize=5039 ok=1
Cmd: compileComputeKernel
  api=4 insize=80321 outsize=5039 ok=1
Cmd: compileComputeKernel
  api=4 insize=80321 outsize=5479 ok=1
Cmd: compileComputeKernel
  api=4 insize=80321 outsize=5039 ok=1
Cmd: compileComputeKernel
  api=4 insize=80321 outsize=5071 ok=1
Cmd: compileComputeKernel
  api=4 insize=80321 outsize=5068 ok=1
Cmd: compileComputeKernel
  api=4 insize=80321 outsize=5069 ok=1
Cmd: compileComputeKernel
  api=4 insize=80321 outsize=5218 ok=1
Cmd: compileComputeKernel
  api=4 insize=80321 outsize=3414 ok=1
Cmd: compileComputeKernel
  api=4 insize=80321 outsize=3574 ok=1
Cmd: compileComputeKernel
  api=4 insize=80321 outsize=3429 ok=1
Cmd: compileComputeKernel
  api=4 insize=80321 outsize=3309 ok=1
Cmd: compileComputeKernel
  api=4 insize=80321 outsize=3370 ok=1
Cmd: compileComputeKernel
  api=4 insize=80321 outsize=1590 ok=1
Cmd: compileComputeKernel
  api=4 insize=80321 outsize=1449 ok=1
Cmd: compileComputeKernel
  api=4 insize=80321 outsize=1750 ok=1
Cmd: compileComputeKernel
  api=4 insize=80321 outsize=7097 ok=1
Cmd: compileComputeKernel
  api=4 insize=467 outsize=2137 ok=1
Cmd: compileComputeKernel
  api=4 insize=467 outsize=3276 ok=1
Cmd: compileComputeKernel
  api=4 insize=4703 outsize=3429 ok=1
Cmd: compileComputeKernel
  api=4 insize=4703 outsize=3370 ok=1
Cmd: compileComputeKernel
  api=4 insize=4703 outsize=3310 ok=1
Cmd: compileComputeKernel
  api=4 insize=4703 outsize=3554 ok=1
Cmd: compileComputeKernel
  api=4 insize=4231 outsize=3544 ok=1
Cmd: compileComputeKernel
  api=4 insize=75201 outsize=7888 ok=1
Cmd: compileComputeKernel
  api=4 insize=467 outsize=2233 ok=1
Cmd: compileComputeKernel
  api=4 insize=467 outsize=3087 ok=1
Cmd: compileComputeKernel
  api=4 insize=958 outsize=1465 ok=1
Cmd: compileComputeKernel
  api=4 insize=958 outsize=1905 ok=1
Cmd: compileComputeKernel
  api=4 insize=958 outsize=1499 ok=1
Cmd: compileComputeKernel
  api=4 insize=958 outsize=1616 ok=1
Cmd: compileComputeKernel
  api=4 insize=776 outsize=6364 ok=1
Cmd: compileComputeKernel
  api=4 insize=10470 outsize=677 ok=1
Cmd: compileComputeKernel
  api=4 insize=10470 outsize=674 ok=1
Cmd: compileComputeKernel
  api=4 insize=10470 outsize=769 ok=1
Cmd: compileComputeKernel
  api=4 insize=10470 outsize=1032 ok=1
Cmd: compileComputeKernel
  api=4 insize=10470 outsize=855 ok=1
Cmd: compileComputeKernel
  api=4 insize=10470 outsize=701 ok=1
Cmd: compileComputeKernel
  api=4 insize=10470 outsize=701 ok=1
Cmd: compileComputeKernel
  api=4 insize=10470 outsize=831 ok=1
Cmd: compileComputeKernel
  api=4 insize=10470 outsize=700 ok=1
Cmd: compileComputeKernel
  api=4 insize=10470 outsize=1246 ok=1
Cmd: compileComputeKernel
  api=4 insize=10470 outsize=1310 ok=1
Cmd: compileComputeKernel
  api=4 insize=10470 outsize=1710 ok=1
Cmd: compileComputeKernel
  api=4 insize=10470 outsize=886 ok=1
Cmd: compileComputeKernel
  api=4 insize=10470 outsize=782 ok=1
Cmd: compileComputeKernel
  api=4 insize=10470 outsize=677 ok=1
Cmd: compileComputeKernel
  api=4 insize=10470 outsize=881 ok=1
Cmd: compileComputeKernel
  api=4 insize=10470 outsize=804 ok=1
Cmd: compileComputeKernel
  api=4 insize=10470 outsize=1229 ok=1
Cmd: compileComputeKernel
  api=4 insize=10470 outsize=1258 ok=1
Cmd: compileComputeKernel
  api=4 insize=10470 outsize=1137 ok=1
Cmd: compileComputeKernel
  api=4 insize=10470 outsize=1547 ok=1
Cmd: compileComputeKernel
  api=4 insize=10470 outsize=1497 ok=1
Cmd: compileComputeKernel
  api=4 insize=10470 outsize=1369 ok=1
Cmd: compileComputeKernel
  api=4 insize=10470 outsize=1329 ok=1
Cmd: compileComputeKernel
  api=4 insize=10470 outsize=1300 ok=1
Cmd: compileComputeKernel
  api=4 insize=10470 outsize=1402 ok=1
Cmd: compileComputeKernel
  api=4 insize=10470 outsize=1336 ok=1
Cmd: compileComputeKernel
  api=4 insize=10470 outsize=1311 ok=1
Cmd: compileComputeKernel
  api=4 insize=10470 outsize=1248 ok=1
Cmd: compileComputeKernel
  api=4 insize=10470 outsize=1261 ok=1
Cmd: compileComputeKernel
  api=4 insize=10470 outsize=1369 ok=1
Cmd: compileComputeKernel
  api=4 insize=10470 outsize=1843 ok=1
Cmd: compileComputeKernel
  api=4 insize=10470 outsize=1364 ok=1
Cmd: compileComputeKernel
  api=4 insize=10470 outsize=1596 ok=1
Cmd: compileComputeKernel
  api=4 insize=10470 outsize=1397 ok=1
Cmd: compileComputeKernel
  api=4 insize=10470 outsize=1605 ok=1
Cmd: compileComputeKernel
  api=4 insize=10470 outsize=1374 ok=1
Cmd: compileComputeKernel
  api=4 insize=10470 outsize=1828 ok=1
Cmd: compileComputeKernel
  api=4 insize=10470 outsize=1378 ok=1
Cmd: compileComputeKernel
  api=4 insize=10470 outsize=1287 ok=1
Cmd: compileComputeKernel
  api=4 insize=10470 outsize=1357 ok=1
Cmd: compileComputeKernel
  api=4 insize=10470 outsize=1287 ok=1
Cmd: compileComputeKernel
  api=4 insize=10470 outsize=1384 ok=1
Cmd: compileComputeKernel
  api=4 insize=10470 outsize=1319 ok=1
Cmd: compileComputeKernel
  api=4 insize=4442 outsize=1449 ok=1
Cmd: compileComputeKernel
  api=4 insize=4442 outsize=1684 ok=1
